[0.078s] DEBUG:colcon:Command line arguments: ['/usr/bin/colcon', 'list', '-p', '--base-paths', '/home/juwon/ros2HW/Tomato-Is-All-You-Need/Basket+CAM']
[0.079s] DEBUG:colcon:Parsed command line arguments: Namespace(log_base=None, log_level=None, verb_name='list', build_base='build', ignore_user_meta=False, metas=['./colcon.meta'], base_paths=['/home/juwon/ros2HW/Tomato-Is-All-You-Need/Basket+CAM'], packages_ignore=None, packages_ignore_regex=None, paths=None, packages_up_to=None, packages_up_to_regex=None, packages_above=None, packages_above_and_dependencies=None, packages_above_depth=None, packages_select_by_dep=None, packages_skip_by_dep=None, packages_skip_up_to=None, packages_select_build_failed=False, packages_skip_build_finished=False, packages_select_test_failures=False, packages_skip_test_passed=False, packages_select=None, packages_skip=None, packages_select_regex=None, packages_skip_regex=None, packages_start=None, packages_end=None, allow_overriding=[], topological_order=False, names_only=False, paths_only=True, topological_graph=False, topological_graph_dot=False, topological_graph_density=False, topological_graph_legend=False, topological_graph_dot_cluster=False, topological_graph_dot_include_skipped=False, mixin_files=None, mixin=None, verb_parser=<colcon_mixin.mixin.mixin_argument.MixinArgumentDecorator object at 0x715ce7354760>, verb_extension=<colcon_package_information.verb.list.ListVerb object at 0x715ce73178b0>, main=<bound method ListVerb.main of <colcon_package_information.verb.list.ListVerb object at 0x715ce73178b0>>, mixin_verb=('list',))
[0.210s] Level 1:colcon.colcon_core.package_discovery:discover_packages(colcon_meta) check parameters
[0.210s] Level 1:colcon.colcon_core.package_discovery:discover_packages(recursive) check parameters
[0.210s] Level 1:colcon.colcon_core.package_discovery:discover_packages(ignore) check parameters
[0.210s] Level 1:colcon.colcon_core.package_discovery:discover_packages(path) check parameters
[0.210s] Level 1:colcon.colcon_core.package_discovery:discover_packages(recursive) discover
[0.210s] INFO:colcon.colcon_core.package_discovery:Crawling recursively for packages in '/home/juwon/ros2HW/Tomato-Is-All-You-Need/Basket+CAM'
[0.210s] Level 1:colcon.colcon_core.package_identification:_identify(/home/juwon/ros2HW/Tomato-Is-All-You-Need/Basket+CAM) by extensions ['ignore', 'ignore_ament_install']
[0.210s] Level 1:colcon.colcon_core.package_identification:_identify(/home/juwon/ros2HW/Tomato-Is-All-You-Need/Basket+CAM) by extension 'ignore'
[0.210s] Level 1:colcon.colcon_core.package_identification:_identify(/home/juwon/ros2HW/Tomato-Is-All-You-Need/Basket+CAM) by extension 'ignore_ament_install'
[0.210s] Level 1:colcon.colcon_core.package_identification:_identify(/home/juwon/ros2HW/Tomato-Is-All-You-Need/Basket+CAM) by extensions ['colcon_pkg']
[0.210s] Level 1:colcon.colcon_core.package_identification:_identify(/home/juwon/ros2HW/Tomato-Is-All-You-Need/Basket+CAM) by extension 'colcon_pkg'
[0.210s] Level 1:colcon.colcon_core.package_identification:_identify(/home/juwon/ros2HW/Tomato-Is-All-You-Need/Basket+CAM) by extensions ['colcon_meta']
[0.210s] Level 1:colcon.colcon_core.package_identification:_identify(/home/juwon/ros2HW/Tomato-Is-All-You-Need/Basket+CAM) by extension 'colcon_meta'
[0.210s] Level 1:colcon.colcon_core.package_identification:_identify(/home/juwon/ros2HW/Tomato-Is-All-You-Need/Basket+CAM) by extensions ['ros']
[0.210s] Level 1:colcon.colcon_core.package_identification:_identify(/home/juwon/ros2HW/Tomato-Is-All-You-Need/Basket+CAM) by extension 'ros'
[0.219s] Level 1:colcon.colcon_core.package_identification:_identify(/home/juwon/ros2HW/Tomato-Is-All-You-Need/Basket+CAM) by extensions ['cmake', 'python']
[0.219s] Level 1:colcon.colcon_core.package_identification:_identify(/home/juwon/ros2HW/Tomato-Is-All-You-Need/Basket+CAM) by extension 'cmake'
[0.219s] Level 1:colcon.colcon_core.package_identification:_identify(/home/juwon/ros2HW/Tomato-Is-All-You-Need/Basket+CAM) by extension 'python'
[0.219s] Level 1:colcon.colcon_core.package_identification:_identify(/home/juwon/ros2HW/Tomato-Is-All-You-Need/Basket+CAM) by extensions ['python_setup_py']
[0.219s] Level 1:colcon.colcon_core.package_identification:_identify(/home/juwon/ros2HW/Tomato-Is-All-You-Need/Basket+CAM) by extension 'python_setup_py'
[0.219s] Level 1:colcon.colcon_core.package_identification:_identify(/home/juwon/ros2HW/Tomato-Is-All-You-Need/Basket+CAM/log) by extensions ['ignore', 'ignore_ament_install']
[0.219s] Level 1:colcon.colcon_core.package_identification:_identify(/home/juwon/ros2HW/Tomato-Is-All-You-Need/Basket+CAM/log) by extension 'ignore'
[0.219s] Level 1:colcon.colcon_core.package_identification:_identify(/home/juwon/ros2HW/Tomato-Is-All-You-Need/Basket+CAM/log) ignored
[0.220s] Level 1:colcon.colcon_core.package_identification:_identify(/home/juwon/ros2HW/Tomato-Is-All-You-Need/Basket+CAM/src) by extensions ['ignore', 'ignore_ament_install']
[0.220s] Level 1:colcon.colcon_core.package_identification:_identify(/home/juwon/ros2HW/Tomato-Is-All-You-Need/Basket+CAM/src) by extension 'ignore'
[0.220s] Level 1:colcon.colcon_core.package_identification:_identify(/home/juwon/ros2HW/Tomato-Is-All-You-Need/Basket+CAM/src) by extension 'ignore_ament_install'
[0.220s] Level 1:colcon.colcon_core.package_identification:_identify(/home/juwon/ros2HW/Tomato-Is-All-You-Need/Basket+CAM/src) by extensions ['colcon_pkg']
[0.220s] Level 1:colcon.colcon_core.package_identification:_identify(/home/juwon/ros2HW/Tomato-Is-All-You-Need/Basket+CAM/src) by extension 'colcon_pkg'
[0.220s] Level 1:colcon.colcon_core.package_identification:_identify(/home/juwon/ros2HW/Tomato-Is-All-You-Need/Basket+CAM/src) by extensions ['colcon_meta']
[0.220s] Level 1:colcon.colcon_core.package_identification:_identify(/home/juwon/ros2HW/Tomato-Is-All-You-Need/Basket+CAM/src) by extension 'colcon_meta'
[0.220s] Level 1:colcon.colcon_core.package_identification:_identify(/home/juwon/ros2HW/Tomato-Is-All-You-Need/Basket+CAM/src) by extensions ['ros']
[0.220s] Level 1:colcon.colcon_core.package_identification:_identify(/home/juwon/ros2HW/Tomato-Is-All-You-Need/Basket+CAM/src) by extension 'ros'
[0.220s] Level 1:colcon.colcon_core.package_identification:_identify(/home/juwon/ros2HW/Tomato-Is-All-You-Need/Basket+CAM/src) by extensions ['cmake', 'python']
[0.220s] Level 1:colcon.colcon_core.package_identification:_identify(/home/juwon/ros2HW/Tomato-Is-All-You-Need/Basket+CAM/src) by extension 'cmake'
[0.220s] Level 1:colcon.colcon_core.package_identification:_identify(/home/juwon/ros2HW/Tomato-Is-All-You-Need/Basket+CAM/src) by extension 'python'
[0.220s] Level 1:colcon.colcon_core.package_identification:_identify(/home/juwon/ros2HW/Tomato-Is-All-You-Need/Basket+CAM/src) by extensions ['python_setup_py']
[0.220s] Level 1:colcon.colcon_core.package_identification:_identify(/home/juwon/ros2HW/Tomato-Is-All-You-Need/Basket+CAM/src) by extension 'python_setup_py'
[0.220s] Level 1:colcon.colcon_core.package_identification:_identify(/home/juwon/ros2HW/Tomato-Is-All-You-Need/Basket+CAM/src/basketCam) by extensions ['ignore', 'ignore_ament_install']
[0.220s] Level 1:colcon.colcon_core.package_identification:_identify(/home/juwon/ros2HW/Tomato-Is-All-You-Need/Basket+CAM/src/basketCam) by extension 'ignore'
[0.220s] Level 1:colcon.colcon_core.package_identification:_identify(/home/juwon/ros2HW/Tomato-Is-All-You-Need/Basket+CAM/src/basketCam) by extension 'ignore_ament_install'
[0.220s] Level 1:colcon.colcon_core.package_identification:_identify(/home/juwon/ros2HW/Tomato-Is-All-You-Need/Basket+CAM/src/basketCam) by extensions ['colcon_pkg']
[0.220s] Level 1:colcon.colcon_core.package_identification:_identify(/home/juwon/ros2HW/Tomato-Is-All-You-Need/Basket+CAM/src/basketCam) by extension 'colcon_pkg'
[0.220s] Level 1:colcon.colcon_core.package_identification:_identify(/home/juwon/ros2HW/Tomato-Is-All-You-Need/Basket+CAM/src/basketCam) by extensions ['colcon_meta']
[0.220s] Level 1:colcon.colcon_core.package_identification:_identify(/home/juwon/ros2HW/Tomato-Is-All-You-Need/Basket+CAM/src/basketCam) by extension 'colcon_meta'
[0.220s] Level 1:colcon.colcon_core.package_identification:_identify(/home/juwon/ros2HW/Tomato-Is-All-You-Need/Basket+CAM/src/basketCam) by extensions ['ros']
[0.220s] Level 1:colcon.colcon_core.package_identification:_identify(/home/juwon/ros2HW/Tomato-Is-All-You-Need/Basket+CAM/src/basketCam) by extension 'ros'
[0.223s] DEBUG:colcon.colcon_core.package_identification:Package '/home/juwon/ros2HW/Tomato-Is-All-You-Need/Basket+CAM/src/basketCam' with type 'ros.ament_python' and name 'basketCam'
[0.223s] Level 1:colcon.colcon_core.package_discovery:discover_packages(recursive) using defaults
